nohup: ignoring input
[INFO] Scanning for projects...
[INFO] 
[INFO] ----------------< com.nextinnomind:agro_speak_backend >-----------------
[INFO] Building agro_speak_backend 0.0.1-SNAPSHOT
[INFO]   from pom.xml
[INFO] --------------------------------[ jar ]---------------------------------
[INFO] 
[INFO] >>> spring-boot:3.5.6:run (default-cli) > test-compile @ agro_speak_backend >>>
[WARNING] The artifact mysql:mysql-connector-java:jar:8.0.33 has been relocated to com.mysql:mysql-connector-j:jar:8.0.33: MySQL Connector/J artifacts moved to reverse-DNS compliant Maven 2+ coordinates.
[INFO] 
[INFO] --- resources:3.3.1:resources (default-resources) @ agro_speak_backend ---
[INFO] Copying 1 resource from src/main/resources to target/classes
[INFO] Copying 0 resource from src/main/resources to target/classes
[INFO] 
[INFO] --- compiler:3.14.0:compile (default-compile) @ agro_speak_backend ---
[INFO] Nothing to compile - all classes are up to date.
[INFO] 
[INFO] --- resources:3.3.1:testResources (default-testResources) @ agro_speak_backend ---
[INFO] skip non existing resourceDirectory /home/silas/project/agro_speak_backend/src/test/resources
[INFO] 
[INFO] --- compiler:3.14.0:testCompile (default-testCompile) @ agro_speak_backend ---
[INFO] Nothing to compile - all classes are up to date.
[INFO] 
[INFO] <<< spring-boot:3.5.6:run (default-cli) < test-compile @ agro_speak_backend <<<
[INFO] 
[INFO] 
[INFO] --- spring-boot:3.5.6:run (default-cli) @ agro_speak_backend ---
[INFO] Attaching agents: []

  .   ____          _            __ _ _
 /\\ / ___'_ __ _ _(_)_ __  __ _ \ \ \ \
( ( )\___ | '_ | '_| | '_ \/ _` | \ \ \ \
 \\/  ___)| |_)| | | | | || (_| |  ) ) ) )
  '  |____| .__|_| |_|_| |_\__, | / / / /
 =========|_|==============|___/=/_/_/_/

 :: Spring Boot ::                (v3.5.6)

2025-09-30T21:09:11.243+02:00  INFO 19455 --- [agro_speak_backend] [           main] c.n.a.AgroSpeakBackendApplication        : Starting AgroSpeakBackendApplication using Java 17.0.16 with PID 19455 (/home/silas/project/agro_speak_backend/target/classes started by silas in /home/silas/project/agro_speak_backend)
2025-09-30T21:09:11.255+02:00  INFO 19455 --- [agro_speak_backend] [           main] c.n.a.AgroSpeakBackendApplication        : No active profile set, falling back to 1 default profile: "default"
2025-09-30T21:09:13.740+02:00  INFO 19455 --- [agro_speak_backend] [           main] .s.d.r.c.RepositoryConfigurationDelegate : Bootstrapping Spring Data JPA repositories in DEFAULT mode.
2025-09-30T21:09:13.873+02:00  INFO 19455 --- [agro_speak_backend] [           main] .s.d.r.c.RepositoryConfigurationDelegate : Finished Spring Data repository scanning in 112 ms. Found 1 JPA repository interface.
2025-09-30T21:09:15.327+02:00  INFO 19455 --- [agro_speak_backend] [           main] o.s.b.w.embedded.tomcat.TomcatWebServer  : Tomcat initialized with port 8080 (http)
2025-09-30T21:09:15.360+02:00  INFO 19455 --- [agro_speak_backend] [           main] o.apache.catalina.core.StandardService   : Starting service [Tomcat]
2025-09-30T21:09:15.361+02:00  INFO 19455 --- [agro_speak_backend] [           main] o.apache.catalina.core.StandardEngine    : Starting Servlet engine: [Apache Tomcat/10.1.46]
2025-09-30T21:09:15.504+02:00  INFO 19455 --- [agro_speak_backend] [           main] o.a.c.c.C.[Tomcat].[localhost].[/]       : Initializing Spring embedded WebApplicationContext
2025-09-30T21:09:15.507+02:00  INFO 19455 --- [agro_speak_backend] [           main] w.s.c.ServletWebServerApplicationContext : Root WebApplicationContext: initialization completed in 4030 ms
2025-09-30T21:09:15.874+02:00  INFO 19455 --- [agro_speak_backend] [           main] o.hibernate.jpa.internal.util.LogHelper  : HHH000204: Processing PersistenceUnitInfo [name: default]
2025-09-30T21:09:15.997+02:00  INFO 19455 --- [agro_speak_backend] [           main] org.hibernate.Version                    : HHH000412: Hibernate ORM core version 6.6.29.Final
2025-09-30T21:09:16.106+02:00  INFO 19455 --- [agro_speak_backend] [           main] o.h.c.internal.RegionFactoryInitiator    : HHH000026: Second-level cache disabled
2025-09-30T21:09:16.748+02:00  INFO 19455 --- [agro_speak_backend] [           main] o.s.o.j.p.SpringPersistenceUnitInfo      : No LoadTimeWeaver setup: ignoring JPA class transformer
2025-09-30T21:09:16.804+02:00  INFO 19455 --- [agro_speak_backend] [           main] com.zaxxer.hikari.HikariDataSource       : HikariPool-1 - Starting...
2025-09-30T21:09:18.469+02:00  INFO 19455 --- [agro_speak_backend] [           main] com.zaxxer.hikari.pool.HikariPool        : HikariPool-1 - Added connection com.mysql.cj.jdbc.ConnectionImpl@1c92a549
2025-09-30T21:09:18.476+02:00  INFO 19455 --- [agro_speak_backend] [           main] com.zaxxer.hikari.HikariDataSource       : HikariPool-1 - Start completed.
2025-09-30T21:09:18.754+02:00  INFO 19455 --- [agro_speak_backend] [           main] org.hibernate.orm.connections.pooling    : HHH10001005: Database info:
	Database JDBC URL [Connecting through datasource 'HikariDataSource (HikariPool-1)']
	Database driver: undefined/unknown
	Database version: 8.4.6
	Autocommit mode: undefined/unknown
	Isolation level: undefined/unknown
	Minimum pool size: undefined/unknown
	Maximum pool size: undefined/unknown
2025-09-30T21:09:21.079+02:00  INFO 19455 --- [agro_speak_backend] [           main] o.h.e.t.j.p.i.JtaPlatformInitiator       : HHH000489: No JTA platform available (set 'hibernate.transaction.jta.platform' to enable JTA platform integration)
2025-09-30T21:09:21.200+02:00  INFO 19455 --- [agro_speak_backend] [           main] j.LocalContainerEntityManagerFactoryBean : Initialized JPA EntityManagerFactory for persistence unit 'default'
2025-09-30T21:09:22.051+02:00  WARN 19455 --- [agro_speak_backend] [           main] JpaBaseConfiguration$JpaWebConfiguration : spring.jpa.open-in-view is enabled by default. Therefore, database queries may be performed during view rendering. Explicitly configure spring.jpa.open-in-view to disable this warning
2025-09-30T21:09:25.859+02:00  INFO 19455 --- [agro_speak_backend] [           main] o.s.b.w.embedded.tomcat.TomcatWebServer  : Tomcat started on port 8080 (http) with context path '/'
2025-09-30T21:09:25.885+02:00  INFO 19455 --- [agro_speak_backend] [           main] c.n.a.AgroSpeakBackendApplication        : Started AgroSpeakBackendApplication in 16.101 seconds (process running for 16.978)
2025-09-30T21:09:58.506+02:00  INFO 19455 --- [agro_speak_backend] [nio-8080-exec-1] o.a.c.c.C.[Tomcat].[localhost].[/]       : Initializing Spring DispatcherServlet 'dispatcherServlet'
2025-09-30T21:09:58.508+02:00  INFO 19455 --- [agro_speak_backend] [nio-8080-exec-1] o.s.web.servlet.DispatcherServlet        : Initializing Servlet 'dispatcherServlet'
2025-09-30T21:09:58.512+02:00  INFO 19455 --- [agro_speak_backend] [nio-8080-exec-1] o.s.web.servlet.DispatcherServlet        : Completed initialization in 3 ms
2025-09-30T21:10:47.683+02:00  INFO 19455 --- [agro_speak_backend] [ionShutdownHook] o.s.b.w.e.tomcat.GracefulShutdown        : Commencing graceful shutdown. Waiting for active requests to complete
2025-09-30T21:10:47.708+02:00  INFO 19455 --- [agro_speak_backend] [tomcat-shutdown] o.s.b.w.e.tomcat.GracefulShutdown        : Graceful shutdown complete
2025-09-30T21:10:47.741+02:00  INFO 19455 --- [agro_speak_backend] [ionShutdownHook] j.LocalContainerEntityManagerFactoryBean : Closing JPA EntityManagerFactory for persistence unit 'default'
2025-09-30T21:10:47.787+02:00  INFO 19455 --- [agro_speak_backend] [ionShutdownHook] com.zaxxer.hikari.HikariDataSource       : HikariPool-1 - Shutdown initiated...
2025-09-30T21:10:47.888+02:00  INFO 19455 --- [agro_speak_backend] [ionShutdownHook] com.zaxxer.hikari.HikariDataSource       : HikariPool-1 - Shutdown completed.
